ignoring Ident: package <empty>
ignoring Ident: value a
ignoring Ident: value x$1
ignoring Ident: <none>
ignoring Ident: variable acc
ignoring Ident: variable acc
ignoring Ident: value a
ignoring Ident: variable acc
ignoring Ident: value a
ignoring Ident: object Bar
ignoring Ident: value g
(existing node calls,performance.Counter@12728b96): (existing edge calls,performance.Counter@13d74311)
ignoring Ident: package <empty>
ignoring Ident: value a
ignoring Ident: value x$1
ignoring Ident: <none>
ignoring Ident: variable acc
ignoring Ident: variable acc
ignoring Ident: value a
ignoring Ident: variable acc
ignoring Ident: value a
ignoring Ident: object Bar
ignoring Ident: value g
(existing node calls,performance.Counter@12728b96): (existing edge calls,performance.Counter@13d74311)
ignoring Ident: package <empty>
ignoring Ident: value g
(existing node calls,performance.Counter@12728b96): (existing edge calls,performance.Counter@13d74311)
